#<------- Web_Portal + DE ------->#
1  |  2  |  3  |  4  |  5  |  6  |  7  |  8  |  9  |  10  |  11  |  12  |  13  |  14  |  15  |  16  |  17  |  18  |  19  |  20  |   # Finished: Celebrate! #  Time taken:    2.84253 seconds.
1  |  2  |  3  |  4  |  5  |  6  |  7  |  8  |  9  |  10  |  11  |  12  |  13  |  14  |  15  |  16  |  17  |  18  |  19  |  20  |   # Finished: Celebrate! #  Time taken:    1.38750 seconds.
1  |  2  |  3  |  4  |  5  |  6  |  7  |  8  |  9  |  10  |  11  |  12  |  13  |  14  |  15  |  16  |  17  |  18  |  19  |  20  |   # Finished: Celebrate! #  Time taken:    1.38740 seconds.
#<------- cellphone + DE ------->#
1  |  2  |  3  |  4  |  5  |  6  |  7  |  8  |  9  |  10  |  11  |  12  |  13  |  14  |  15  |  16  |  17  |  18  |  19  |  20  |   # Finished: Celebrate! #  Time taken:    1.04795 seconds.
1  |  2  |  3  |  4  |  5  |  6  |  7  |  8  |  9  |  10  |  11  |  12  |  13  |  14  |  15  |  16  |  17  |  18  |  19  |  20  |   # Finished: Celebrate! #  Time taken:    0.50627 seconds.
1  |  2  |  3  |  4  |  5  |  6  |  7  |  8  |  9  |  10  |  11  |  12  |  13  |  14  |  15  |  16  |  17  |  18  |  19  |  20  |   # Finished: Celebrate! #  Time taken:    0.50456 seconds.

------------------------------------------------------------
Sender: LSF System <lsfadmin@n3l3-4>
Subject: Job 510988: <$PYTHON jmoo_hpc_load.py 0> Done

Job <$PYTHON jmoo_hpc_load.py 0> was submitted from host <login02.hpc.ncsu.edu> by user <jchen37> in cluster <henry2>.
Job was executed on host(s) <n3l3-4>, in queue <debug>, as user <jchen37> in cluster <henry2>.
</home/jchen37> was used as the home directory.
</share/jchen37/storm_hpc> was used as the working directory.
Started at Wed Dec  2 23:16:20 2015
Results reported at Wed Dec  2 23:16:29 2015

Your job looked like:

------------------------------------------------------------
# LSBATCH: User input
$PYTHON jmoo_hpc_load.py 0
------------------------------------------------------------

Successfully completed.

Resource usage summary:

    CPU time   :      7.25 sec.
    Max Memory :         3 MB
    Max Swap   :        35 MB

    Max Processes  :         1
    Max Threads    :         1

The output (if any) is above this job summary.



PS:

Read file <./err/0.err> for stderr output of this job.

