#<-- DTLZ4_7_3 + GALE ---repeat: 1---->#
1  |  2  |  3  |  4  |  5  |  6  |  7  |  8  |  9  |  10  |  11  |  12  |  13  |  14  |  15  |  16  |  17  |  18  |  19  |  20  |   # Finished: Celebrate! #  Time taken:    4.58067 seconds.
#<-- DTLZ4_7_3 + DE ---repeat: 1---->#
1  |  2  |  3  |  4  |  5  |  6  |  7  |  8  |  9  |  10  |  11  |  12  |  13  |  14  |  15  |  16  |  17  |  18  |  19  |  20  |   # Finished: Celebrate! #  Time taken:    0.70408 seconds.
#<-- DTLZ4_7_5 + GALE ---repeat: 1---->#
1  |  2  |  3  |  4  |  5  |  6  |  7  |  8  |  9  |  10  |  11  |  12  |  13  |  14  |  15  |  16  |  17  |  18  |  19  |  20  |   # Finished: Celebrate! #  Time taken:    4.30776 seconds.
#<-- DTLZ4_7_5 + DE ---repeat: 1---->#
1  |  2  |  3  |  4  |  5  |  6  |  7  |  8  |  9  |  10  |  11  |  12  |  13  |  14  |  15  |  16  |  17  |  18  |  19  |  20  |   # Finished: Celebrate! #  Time taken:    1.01272 seconds.

------------------------------------------------------------
Sender: LSF System <lsfadmin@n2l3-9>
Subject: Job 826035: <mpiexec -n 1 /share/jchen37/miniconda/bin/python2.7 jmoo_hpc_load.py 1> Done

Job <mpiexec -n 1 /share/jchen37/miniconda/bin/python2.7 jmoo_hpc_load.py 1> was submitted from host <login02.hpc.ncsu.edu> by user <jchen37> in cluster <henry2>.
Job was executed on host(s) <4*n2l3-9>, in queue <debug>, as user <jchen37> in cluster <henry2>.
</home/jchen37> was used as the home directory.
</share/jchen37/Rescue_gale> was used as the working directory.
Started at Wed Jan  6 16:28:00 2016
Results reported at Wed Jan  6 16:28:22 2016

Your job looked like:

------------------------------------------------------------
# LSBATCH: User input
mpiexec -n 1 /share/jchen37/miniconda/bin/python2.7 jmoo_hpc_load.py 1
------------------------------------------------------------

Successfully completed.

Resource usage summary:

    CPU time   :     10.82 sec.
    Max Memory :         2 MB
    Max Swap   :        35 MB

    Max Processes  :         1
    Max Threads    :         1

The output (if any) is above this job summary.



PS:

Read file <./err/1.err> for stderr output of this job.

